-1, int: -1, binary: 
   11111111111111111111111111111111
+1, int: 1, binary: 
   00000000000000000000000000000001
maxpos, int: 2147483647, binary: 
   01111111111111111111111111111111
maxneg, int: -2147483648, binary: 
   10000000000000000000000000000000
%%i, int: (-){0,1}\d{1,10}, binary: 
%%\s{3}(0|1){32}
%%~i, int: (-){0,1}\d{1,10}, binary: 
%%\s{3}(0|1){32}
%%-i, int: (-){0,1}\d{1,10}, binary: 
%%\s{3}(0|1){32}
%%j, int: (-){0,1}\d{1,10}, binary: 
%%\s{3}(0|1){32}
%%i & j, int: (-){0,1}\d{1,10}, binary: 
%%\s{3}(0|1){32}
%%i \| j, int: (-){0,1}\d{1,10}, binary: 
%%\s{3}(0|1){32}
%%i \^ j, int: (-){0,1}\d{1,10}, binary: 
%%\s{3}(0|1){32}
%%i << 5, int: (-){0,1}\d{1,10}, binary: 
%%\s{3}(0|1){32}
%%i >> 5, int: (-){0,1}\d{1,10}, binary: 
%%\s{3}(0|1){32}
%%\(~i\) >> 5, int: (-){0,1}\d{1,10}, binary: 
%%\s{3}(0|1){32}
%%i >>> 5, int: (-){0,1}\d{1,10}, binary: 
%%\s{3}(0|1){32}
%%\(~i\) >>> 5, int: (-){0,1}\d{1,10}, binary: 
%%\s{3}(0|1){32}
-1L, long: -1, binary: 
   1111111111111111111111111111111111111111111111111111111111111111
+1L, long: 1, binary: 
   0000000000000000000000000000000000000000000000000000000000000001
maxpos, long: 9223372036854775807, binary: 
   0111111111111111111111111111111111111111111111111111111111111111
maxneg, long: -9223372036854775808, binary: 
   1000000000000000000000000000000000000000000000000000000000000000
%%l, long: (-){0,1}\d{1,19}, binary: 
%%\s{3}(0|1){64}
%%~l, long: (-){0,1}\d{1,19}, binary: 
%%\s{3}(0|1){64}
%%-l, long: (-){0,1}\d{1,19}, binary: 
%%\s{3}(0|1){64}
%%m, long: (-){0,1}\d{1,19}, binary: 
%%\s{3}(0|1){64}
%%l & m, long: (-){0,1}\d{1,19}, binary: 
%%\s{3}(0|1){64}
%%l \| m, long: (-){0,1}\d{1,19}, binary: 
%%\s{3}(0|1){64}
%%l \^ m, long: (-){0,1}\d{1,19}, binary: 
%%\s{3}(0|1){64}
%%l << 5, long: (-){0,1}\d{1,19}, binary: 
%%\s{3}(0|1){64}
%%l >> 5, long: (-){0,1}\d{1,19}, binary: 
%%\s{3}(0|1){64}
%%\(~l\) >> 5, long: (-){0,1}\d{1,19}, binary: 
%%\s{3}(0|1){64}
%%l >>> 5, long: (-){0,1}\d{1,19}, binary: 
%%\s{3}(0|1){64}
%%\(~l\) >>> 5, long: (-){0,1}\d{1,19}, binary: 
%%\s{3}(0|1){64}
